115 + petit seup + seuil 170,500,345 Asic > 4000 put to 1023 ASIC 1 DIF 1 dans la DB + no mask in chamber 8 (on beam spot) + arnaud gain correction (2nd test) => very high level of noise in small set-up!!!!
state="Dome_42chambres_Reference_v4_159"

115 + petit seup + seuil 170,500,345 Asic > 4000 put to 1023 ASIC 1 DIF 1 dans la DB + no mask in chamber 8 (on beam spot)
state="Dome_42chambres_Reference_v4_158"

115 + petit seup + seuil 190,500,345 Asic > 4000 put to 1023 ASIC 1 DIF 1 dans la DB + no mask in chamber 8 (on beam spot) + arnaud gain correction (2nd test)
state="Dome_42chambres_Reference_v4_155"

115 + petit seup + seuil 190,500,345 Asic > 4000 put to 1023 ASIC 1 DIF 1 dans la DB + no mask in chamber 8 (on beam spot) + laurent gain correction
state="Dome_42chambres_Reference_v4_153"

115 + petit seup + seuil 190,500,345 Asic > 4000 put to 1023 ASIC 1 DIF 1 dans la DB + no mask in chamber 8 (on beam spot) + arnaud gain correction (1st test)
state="Dome_42chambres_Reference_v4_152"

115 + petit seup + seuil 190,500,345 Asic > 4000 put to 1023 ASIC 1 DIF 1 dans la DB + no mask in chamber 8 (on beam spot)
state="Dome_42chambres_Reference_v4_150"

115 + petit seup + seuil 190,500,345 Asic > 4000 put to 1023 ASIC 1 DIF 1 dans la DB
state="Dome_42chambres_Reference_v4_149"

115 + petit seup + seuil 190,500,345 Asic > 4000 put to 1023
state="Dome_42chambres_Reference_v4_148"

115 + petit seup + seuil 190,500,345
state="Dome_42chambres_Reference_v4_147"

115 + petit seup + vires les asic bruyant
state="Dome_42chambres_Reference_v4_146"

115 + petit seup
state="Dome_42chambres_Reference_v4_145"

Novermber 2012 state="Dome_42chambres_Reference_v4_115"
November 2012 + masks state="Dome_42chambres_Reference_v4_144"
